c:\users\tim\documents\visual studio 2013\projects\markanoid\markanoid2\markanoid\release\vc120.pdb
c:\users\tim\documents\visual studio 2013\projects\markanoid\markanoid2\markanoid\release\score.obj
c:\users\tim\documents\visual studio 2013\projects\markanoid\markanoid2\markanoid\release\resman.obj
c:\users\tim\documents\visual studio 2013\projects\markanoid\markanoid2\markanoid\release\poweruphandler.obj
c:\users\tim\documents\visual studio 2013\projects\markanoid\markanoid2\markanoid\release\powerupcontainer.obj
c:\users\tim\documents\visual studio 2013\projects\markanoid\markanoid2\markanoid\release\playerpaddlehandler.obj
c:\users\tim\documents\visual studio 2013\projects\markanoid\markanoid2\markanoid\release\paddle.obj
c:\users\tim\documents\visual studio 2013\projects\markanoid\markanoid2\markanoid\release\menuhandler.obj
c:\users\tim\documents\visual studio 2013\projects\markanoid\markanoid2\markanoid\release\mainmenu.obj
c:\users\tim\documents\visual studio 2013\projects\markanoid\markanoid2\markanoid\release\main.obj
c:\users\tim\documents\visual studio 2013\projects\markanoid\markanoid2\markanoid\release\lastframecollisions.obj
c:\users\tim\documents\visual studio 2013\projects\markanoid\markanoid2\markanoid\release\laser.obj
c:\users\tim\documents\visual studio 2013\projects\markanoid\markanoid2\markanoid\release\keybinds.obj
c:\users\tim\documents\visual studio 2013\projects\markanoid\markanoid2\markanoid\release\fileio.obj
c:\users\tim\documents\visual studio 2013\projects\markanoid\markanoid2\markanoid\release\engine.obj
c:\users\tim\documents\visual studio 2013\projects\markanoid\markanoid2\markanoid\release\controlsmenu.obj
c:\users\tim\documents\visual studio 2013\projects\markanoid\markanoid2\markanoid\release\collidableobject.obj
c:\users\tim\documents\visual studio 2013\projects\markanoid\markanoid2\markanoid\release\blockarrayhandler.obj
c:\users\tim\documents\visual studio 2013\projects\markanoid\markanoid2\markanoid\release\block.obj
c:\users\tim\documents\visual studio 2013\projects\markanoid\markanoid2\markanoid\release\ballcontainer.obj
c:\users\tim\documents\visual studio 2013\projects\markanoid\markanoid2\markanoid\release\ball.obj
c:\users\tim\documents\visual studio 2013\projects\markanoid\markanoid2\markanoid\release\timer.obj
c:\users\tim\documents\visual studio 2013\projects\markanoid\markanoid2\markanoid\release\soundman.obj
c:\users\tim\documents\visual studio 2013\projects\markanoid\markanoid2\markanoid\release\settingsmenu.obj
c:\users\tim\documents\visual studio 2013\projects\markanoid\markanoid2\markanoid\release\settings.obj
c:\users\tim\documents\visual studio 2013\projects\markanoid\markanoid2\release\markanoid.exe
c:\users\tim\documents\visual studio 2013\projects\markanoid\markanoid2\release\markanoid.pdb
c:\users\tim\documents\visual studio 2013\projects\markanoid\markanoid2\markanoid\release\markanoid.tlog\cl.command.1.tlog
c:\users\tim\documents\visual studio 2013\projects\markanoid\markanoid2\markanoid\release\markanoid.tlog\cl.read.1.tlog
c:\users\tim\documents\visual studio 2013\projects\markanoid\markanoid2\markanoid\release\markanoid.tlog\cl.write.1.tlog
c:\users\tim\documents\visual studio 2013\projects\markanoid\markanoid2\markanoid\release\markanoid.tlog\link.command.1.tlog
c:\users\tim\documents\visual studio 2013\projects\markanoid\markanoid2\markanoid\release\markanoid.tlog\link.read.1.tlog
c:\users\tim\documents\visual studio 2013\projects\markanoid\markanoid2\markanoid\release\markanoid.tlog\link.write.1.tlog
