Build started 4/3/2014 4:54:10 PM.
     1>Project "C:\Users\Tim\Documents\Visual Studio 2013\Projects\markanoid\markanoid2\markanoid\markanoid.vcxproj" on node 2 (Rebuild target(s)).
     1>ClCompile:
         C:\Program Files (x86)\Microsoft Visual Studio 12.0\VC\bin\CL.exe /c /IC:\SFML\include /Zi /nologo /W3 /WX- /sdl /O2 /Oi /Oy- /GL /D WIN32 /D NDEBUG /D _WINDOWS /D _UNICODE /D UNICODE /Gm- /EHsc /MD /GS /Gy /fp:precise /Zc:wchar_t /Zc:forScope /Fo"Release\\" /Fd"Release\vc120.pdb" /Gd /TP /analyze- /errorReport:prompt Ball.cpp BallContainer.cpp Block.cpp BlockArrayHandler.cpp CollidableObject.cpp ControlsMenu.cpp Engine.cpp FileIO.cpp keyBinds.cpp Laser.cpp LastFrameCollisions.cpp main.cpp MainMenu.cpp MenuHandler.cpp Paddle.cpp PlayerPaddleHandler.cpp PowerupContainer.cpp PowerupHandler.cpp ResMan.cpp Score.cpp Settings.cpp SettingsMenu.cpp SoundMan.cpp Timer.cpp
         Ball.cpp
     1>c:\users\tim\documents\visual studio 2013\projects\markanoid\markanoid2\markanoid\FileIO.h(91): warning C4018: '<' : signed/unsigned mismatch
     1>c:\users\tim\documents\visual studio 2013\projects\markanoid\markanoid2\markanoid\CollidableObject.h(10): warning C4244: 'return' : conversion from 'int' to 'float', possible loss of data
     1>c:\users\tim\documents\visual studio 2013\projects\markanoid\markanoid2\markanoid\Ball.h(55): warning C4305: 'initializing' : truncation from 'double' to 'float'
         BallContainer.cpp
     1>c:\users\tim\documents\visual studio 2013\projects\markanoid\markanoid2\markanoid\Paddle.h(39): warning C4244: 'argument' : conversion from 'int' to 'float', possible loss of data
     1>c:\users\tim\documents\visual studio 2013\projects\markanoid\markanoid2\markanoid\Paddle.h(78): warning C4244: 'argument' : conversion from 'double' to 'float', possible loss of data
     1>c:\users\tim\documents\visual studio 2013\projects\markanoid\markanoid2\markanoid\ResMan.h(49): warning C4018: '<' : signed/unsigned mismatch
     1>c:\users\tim\documents\visual studio 2013\projects\markanoid\markanoid2\markanoid\FileIO.h(91): warning C4018: '<' : signed/unsigned mismatch
     1>c:\users\tim\documents\visual studio 2013\projects\markanoid\markanoid2\markanoid\CollidableObject.h(10): warning C4244: 'return' : conversion from 'int' to 'float', possible loss of data
     1>c:\users\tim\documents\visual studio 2013\projects\markanoid\markanoid2\markanoid\Ball.h(55): warning C4305: 'initializing' : truncation from 'double' to 'float'
     1>c:\users\tim\documents\visual studio 2013\projects\markanoid\markanoid2\markanoid\BallContainer.h(29): warning C4244: 'argument' : conversion from 'int' to 'float', possible loss of data
     1>c:\users\tim\documents\visual studio 2013\projects\markanoid\markanoid2\markanoid\BallContainer.h(49): warning C4244: 'argument' : conversion from 'int' to 'float', possible loss of data
     1>c:\users\tim\documents\visual studio 2013\projects\markanoid\markanoid2\markanoid\BallContainer.h(59): warning C4244: 'argument' : conversion from 'int' to 'float', possible loss of data
     1>c:\users\tim\documents\visual studio 2013\projects\markanoid\markanoid2\markanoid\BallContainer.h(64): warning C4244: 'argument' : conversion from 'int' to 'float', possible loss of data
     1>c:\users\tim\documents\visual studio 2013\projects\markanoid\markanoid2\markanoid\BallContainer.h(78): warning C4244: '+=' : conversion from 'double' to 'float', possible loss of data
     1>c:\users\tim\documents\visual studio 2013\projects\markanoid\markanoid2\markanoid\BallContainer.h(85): warning C4018: '<' : signed/unsigned mismatch
     1>c:\users\tim\documents\visual studio 2013\projects\markanoid\markanoid2\markanoid\BallContainer.h(89): warning C4018: '<' : signed/unsigned mismatch
         Block.cpp
     1>c:\users\tim\documents\visual studio 2013\projects\markanoid\markanoid2\markanoid\ResMan.h(49): warning C4018: '<' : signed/unsigned mismatch
     1>c:\users\tim\documents\visual studio 2013\projects\markanoid\markanoid2\markanoid\FileIO.h(91): warning C4018: '<' : signed/unsigned mismatch
     1>c:\users\tim\documents\visual studio 2013\projects\markanoid\markanoid2\markanoid\CollidableObject.h(10): warning C4244: 'return' : conversion from 'int' to 'float', possible loss of data
     1>c:\users\tim\documents\visual studio 2013\projects\markanoid\markanoid2\markanoid\Ball.h(55): warning C4305: 'initializing' : truncation from 'double' to 'float'
         BlockArrayHandler.cpp
     1>c:\users\tim\documents\visual studio 2013\projects\markanoid\markanoid2\markanoid\ResMan.h(49): warning C4018: '<' : signed/unsigned mismatch
     1>c:\users\tim\documents\visual studio 2013\projects\markanoid\markanoid2\markanoid\FileIO.h(91): warning C4018: '<' : signed/unsigned mismatch
     1>c:\users\tim\documents\visual studio 2013\projects\markanoid\markanoid2\markanoid\CollidableObject.h(10): warning C4244: 'return' : conversion from 'int' to 'float', possible loss of data
     1>c:\users\tim\documents\visual studio 2013\projects\markanoid\markanoid2\markanoid\Ball.h(55): warning C4305: 'initializing' : truncation from 'double' to 'float'
     1>c:\users\tim\documents\visual studio 2013\projects\markanoid\markanoid2\markanoid\Paddle.h(39): warning C4244: 'argument' : conversion from 'int' to 'float', possible loss of data
     1>c:\users\tim\documents\visual studio 2013\projects\markanoid\markanoid2\markanoid\Paddle.h(78): warning C4244: 'argument' : conversion from 'double' to 'float', possible loss of data
     1>c:\users\tim\documents\visual studio 2013\projects\markanoid\markanoid2\markanoid\PowerupContainer.h(95): warning C4244: 'initializing' : conversion from 'double' to 'float', possible loss of data
     1>c:\users\tim\documents\visual studio 2013\projects\markanoid\markanoid2\markanoid\BallContainer.h(29): warning C4244: 'argument' : conversion from 'int' to 'float', possible loss of data
     1>c:\users\tim\documents\visual studio 2013\projects\markanoid\markanoid2\markanoid\BallContainer.h(49): warning C4244: 'argument' : conversion from 'int' to 'float', possible loss of data
     1>c:\users\tim\documents\visual studio 2013\projects\markanoid\markanoid2\markanoid\BallContainer.h(59): warning C4244: 'argument' : conversion from 'int' to 'float', possible loss of data
     1>c:\users\tim\documents\visual studio 2013\projects\markanoid\markanoid2\markanoid\BallContainer.h(64): warning C4244: 'argument' : conversion from 'int' to 'float', possible loss of data
     1>c:\users\tim\documents\visual studio 2013\projects\markanoid\markanoid2\markanoid\BallContainer.h(78): warning C4244: '+=' : conversion from 'double' to 'float', possible loss of data
     1>c:\users\tim\documents\visual studio 2013\projects\markanoid\markanoid2\markanoid\BallContainer.h(85): warning C4018: '<' : signed/unsigned mismatch
     1>c:\users\tim\documents\visual studio 2013\projects\markanoid\markanoid2\markanoid\BallContainer.h(89): warning C4018: '<' : signed/unsigned mismatch
     1>c:\users\tim\documents\visual studio 2013\projects\markanoid\markanoid2\markanoid\PowerupHandler.h(48): warning C4018: '<' : signed/unsigned mismatch
     1>c:\users\tim\documents\visual studio 2013\projects\markanoid\markanoid2\markanoid\PowerupHandler.h(127): warning C4018: '<' : signed/unsigned mismatch
     1>c:\users\tim\documents\visual studio 2013\projects\markanoid\markanoid2\markanoid\PowerupHandler.h(135): warning C4018: '<' : signed/unsigned mismatch
     1>c:\users\tim\documents\visual studio 2013\projects\markanoid\markanoid2\markanoid\PowerupHandler.h(198): warning C4018: '<' : signed/unsigned mismatch
     1>c:\users\tim\documents\visual studio 2013\projects\markanoid\markanoid2\markanoid\PowerupHandler.h(219): warning C4018: '<' : signed/unsigned mismatch
     1>c:\users\tim\documents\visual studio 2013\projects\markanoid\markanoid2\markanoid\PowerupHandler.h(221): warning C4018: '<' : signed/unsigned mismatch
     1>c:\users\tim\documents\visual studio 2013\projects\markanoid\markanoid2\markanoid\PowerupHandler.h(235): warning C4018: '<' : signed/unsigned mismatch
     1>c:\users\tim\documents\visual studio 2013\projects\markanoid\markanoid2\markanoid\BlockArrayHandler.h(30): warning C4244: 'argument' : conversion from 'int' to 'float', possible loss of data
     1>c:\users\tim\documents\visual studio 2013\projects\markanoid\markanoid2\markanoid\BlockArrayHandler.h(42): warning C4244: 'argument' : conversion from 'int' to 'float', possible loss of data
         CollidableObject.cpp
     1>c:\users\tim\documents\visual studio 2013\projects\markanoid\markanoid2\markanoid\CollidableObject.h(10): warning C4244: 'return' : conversion from 'int' to 'float', possible loss of data
         ControlsMenu.cpp
         Engine.cpp
     1>c:\users\tim\documents\visual studio 2013\projects\markanoid\markanoid2\markanoid\ResMan.h(49): warning C4018: '<' : signed/unsigned mismatch
     1>c:\users\tim\documents\visual studio 2013\projects\markanoid\markanoid2\markanoid\FileIO.h(91): warning C4018: '<' : signed/unsigned mismatch
     1>c:\users\tim\documents\visual studio 2013\projects\markanoid\markanoid2\markanoid\Settings.h(40): warning C4018: '<' : signed/unsigned mismatch
     1>c:\users\tim\documents\visual studio 2013\projects\markanoid\markanoid2\markanoid\Settings.h(51): warning C4018: '<' : signed/unsigned mismatch
     1>c:\users\tim\documents\visual studio 2013\projects\markanoid\markanoid2\markanoid\Settings.h(87): warning C4244: '=' : conversion from 'double' to 'float', possible loss of data
     1>c:\users\tim\documents\visual studio 2013\projects\markanoid\markanoid2\markanoid\Settings.h(95): warning C4244: '=' : conversion from 'double' to 'float', possible loss of data
     1>c:\users\tim\documents\visual studio 2013\projects\markanoid\markanoid2\markanoid\Settings.h(103): warning C4244: '=' : conversion from 'double' to 'float', possible loss of data
     1>c:\users\tim\documents\visual studio 2013\projects\markanoid\markanoid2\markanoid\collidableobject.h(10): warning C4244: 'return' : conversion from 'int' to 'float', possible loss of data
     1>c:\users\tim\documents\visual studio 2013\projects\markanoid\markanoid2\markanoid\Ball.h(55): warning C4305: 'initializing' : truncation from 'double' to 'float'
     1>c:\users\tim\documents\visual studio 2013\projects\markanoid\markanoid2\markanoid\Paddle.h(39): warning C4244: 'argument' : conversion from 'int' to 'float', possible loss of data
     1>c:\users\tim\documents\visual studio 2013\projects\markanoid\markanoid2\markanoid\Paddle.h(78): warning C4244: 'argument' : conversion from 'double' to 'float', possible loss of data
     1>c:\users\tim\documents\visual studio 2013\projects\markanoid\markanoid2\markanoid\PowerupContainer.h(95): warning C4244: 'initializing' : conversion from 'double' to 'float', possible loss of data
     1>c:\users\tim\documents\visual studio 2013\projects\markanoid\markanoid2\markanoid\BallContainer.h(29): warning C4244: 'argument' : conversion from 'int' to 'float', possible loss of data
     1>c:\users\tim\documents\visual studio 2013\projects\markanoid\markanoid2\markanoid\BallContainer.h(49): warning C4244: 'argument' : conversion from 'int' to 'float', possible loss of data
     1>c:\users\tim\documents\visual studio 2013\projects\markanoid\markanoid2\markanoid\BallContainer.h(59): warning C4244: 'argument' : conversion from 'int' to 'float', possible loss of data
     1>c:\users\tim\documents\visual studio 2013\projects\markanoid\markanoid2\markanoid\BallContainer.h(64): warning C4244: 'argument' : conversion from 'int' to 'float', possible loss of data
     1>c:\users\tim\documents\visual studio 2013\projects\markanoid\markanoid2\markanoid\BallContainer.h(78): warning C4244: '+=' : conversion from 'double' to 'float', possible loss of data
     1>c:\users\tim\documents\visual studio 2013\projects\markanoid\markanoid2\markanoid\BallContainer.h(85): warning C4018: '<' : signed/unsigned mismatch
     1>c:\users\tim\documents\visual studio 2013\projects\markanoid\markanoid2\markanoid\BallContainer.h(89): warning C4018: '<' : signed/unsigned mismatch
     1>c:\users\tim\documents\visual studio 2013\projects\markanoid\markanoid2\markanoid\PowerupHandler.h(48): warning C4018: '<' : signed/unsigned mismatch
     1>c:\users\tim\documents\visual studio 2013\projects\markanoid\markanoid2\markanoid\PowerupHandler.h(127): warning C4018: '<' : signed/unsigned mismatch
     1>c:\users\tim\documents\visual studio 2013\projects\markanoid\markanoid2\markanoid\PowerupHandler.h(135): warning C4018: '<' : signed/unsigned mismatch
     1>c:\users\tim\documents\visual studio 2013\projects\markanoid\markanoid2\markanoid\PowerupHandler.h(198): warning C4018: '<' : signed/unsigned mismatch
     1>c:\users\tim\documents\visual studio 2013\projects\markanoid\markanoid2\markanoid\PowerupHandler.h(219): warning C4018: '<' : signed/unsigned mismatch
     1>c:\users\tim\documents\visual studio 2013\projects\markanoid\markanoid2\markanoid\PowerupHandler.h(221): warning C4018: '<' : signed/unsigned mismatch
     1>c:\users\tim\documents\visual studio 2013\projects\markanoid\markanoid2\markanoid\PowerupHandler.h(235): warning C4018: '<' : signed/unsigned mismatch
     1>c:\users\tim\documents\visual studio 2013\projects\markanoid\markanoid2\markanoid\BlockArrayHandler.h(30): warning C4244: 'argument' : conversion from 'int' to 'float', possible loss of data
     1>c:\users\tim\documents\visual studio 2013\projects\markanoid\markanoid2\markanoid\BlockArrayHandler.h(42): warning C4244: 'argument' : conversion from 'int' to 'float', possible loss of data
     1>c:\users\tim\documents\visual studio 2013\projects\markanoid\markanoid2\markanoid\Engine.h(48): warning C4244: 'argument' : conversion from 'time_t' to 'unsigned int', possible loss of data
     1>c:\users\tim\documents\visual studio 2013\projects\markanoid\markanoid2\markanoid\Engine.h(71): warning C4390: ';' : empty controlled statement found; is this the intent?
         FileIO.cpp
     1>c:\users\tim\documents\visual studio 2013\projects\markanoid\markanoid2\markanoid\FileIO.h(91): warning C4018: '<' : signed/unsigned mismatch
         keyBinds.cpp
         Laser.cpp
     1>c:\users\tim\documents\visual studio 2013\projects\markanoid\markanoid2\markanoid\ResMan.h(49): warning C4018: '<' : signed/unsigned mismatch
     1>c:\users\tim\documents\visual studio 2013\projects\markanoid\markanoid2\markanoid\FileIO.h(91): warning C4018: '<' : signed/unsigned mismatch
     1>c:\users\tim\documents\visual studio 2013\projects\markanoid\markanoid2\markanoid\Settings.h(40): warning C4018: '<' : signed/unsigned mismatch
     1>c:\users\tim\documents\visual studio 2013\projects\markanoid\markanoid2\markanoid\Settings.h(51): warning C4018: '<' : signed/unsigned mismatch
     1>c:\users\tim\documents\visual studio 2013\projects\markanoid\markanoid2\markanoid\Settings.h(87): warning C4244: '=' : conversion from 'double' to 'float', possible loss of data
     1>c:\users\tim\documents\visual studio 2013\projects\markanoid\markanoid2\markanoid\Settings.h(95): warning C4244: '=' : conversion from 'double' to 'float', possible loss of data
     1>c:\users\tim\documents\visual studio 2013\projects\markanoid\markanoid2\markanoid\Settings.h(103): warning C4244: '=' : conversion from 'double' to 'float', possible loss of data
     1>c:\users\tim\documents\visual studio 2013\projects\markanoid\markanoid2\markanoid\collidableobject.h(10): warning C4244: 'return' : conversion from 'int' to 'float', possible loss of data
     1>c:\users\tim\documents\visual studio 2013\projects\markanoid\markanoid2\markanoid\Ball.h(55): warning C4305: 'initializing' : truncation from 'double' to 'float'
     1>Laser.cpp(34): warning C4244: 'argument' : conversion from 'int' to 'float', possible loss of data
         LastFrameCollisions.cpp
         main.cpp
     1>c:\users\tim\documents\visual studio 2013\projects\markanoid\markanoid2\markanoid\ResMan.h(49): warning C4018: '<' : signed/unsigned mismatch
     1>c:\users\tim\documents\visual studio 2013\projects\markanoid\markanoid2\markanoid\FileIO.h(91): warning C4018: '<' : signed/unsigned mismatch
     1>c:\users\tim\documents\visual studio 2013\projects\markanoid\markanoid2\markanoid\Settings.h(40): warning C4018: '<' : signed/unsigned mismatch
     1>c:\users\tim\documents\visual studio 2013\projects\markanoid\markanoid2\markanoid\Settings.h(51): warning C4018: '<' : signed/unsigned mismatch
     1>c:\users\tim\documents\visual studio 2013\projects\markanoid\markanoid2\markanoid\Settings.h(87): warning C4244: '=' : conversion from 'double' to 'float', possible loss of data
     1>c:\users\tim\documents\visual studio 2013\projects\markanoid\markanoid2\markanoid\Settings.h(95): warning C4244: '=' : conversion from 'double' to 'float', possible loss of data
     1>c:\users\tim\documents\visual studio 2013\projects\markanoid\markanoid2\markanoid\Settings.h(103): warning C4244: '=' : conversion from 'double' to 'float', possible loss of data
     1>c:\users\tim\documents\visual studio 2013\projects\markanoid\markanoid2\markanoid\collidableobject.h(10): warning C4244: 'return' : conversion from 'int' to 'float', possible loss of data
     1>c:\users\tim\documents\visual studio 2013\projects\markanoid\markanoid2\markanoid\Ball.h(55): warning C4305: 'initializing' : truncation from 'double' to 'float'
     1>c:\users\tim\documents\visual studio 2013\projects\markanoid\markanoid2\markanoid\Paddle.h(39): warning C4244: 'argument' : conversion from 'int' to 'float', possible loss of data
     1>c:\users\tim\documents\visual studio 2013\projects\markanoid\markanoid2\markanoid\Paddle.h(78): warning C4244: 'argument' : conversion from 'double' to 'float', possible loss of data
     1>c:\users\tim\documents\visual studio 2013\projects\markanoid\markanoid2\markanoid\PowerupContainer.h(95): warning C4244: 'initializing' : conversion from 'double' to 'float', possible loss of data
     1>c:\users\tim\documents\visual studio 2013\projects\markanoid\markanoid2\markanoid\BallContainer.h(29): warning C4244: 'argument' : conversion from 'int' to 'float', possible loss of data
     1>c:\users\tim\documents\visual studio 2013\projects\markanoid\markanoid2\markanoid\BallContainer.h(49): warning C4244: 'argument' : conversion from 'int' to 'float', possible loss of data
     1>c:\users\tim\documents\visual studio 2013\projects\markanoid\markanoid2\markanoid\BallContainer.h(59): warning C4244: 'argument' : conversion from 'int' to 'float', possible loss of data
     1>c:\users\tim\documents\visual studio 2013\projects\markanoid\markanoid2\markanoid\BallContainer.h(64): warning C4244: 'argument' : conversion from 'int' to 'float', possible loss of data
     1>c:\users\tim\documents\visual studio 2013\projects\markanoid\markanoid2\markanoid\BallContainer.h(78): warning C4244: '+=' : conversion from 'double' to 'float', possible loss of data
     1>c:\users\tim\documents\visual studio 2013\projects\markanoid\markanoid2\markanoid\BallContainer.h(85): warning C4018: '<' : signed/unsigned mismatch
     1>c:\users\tim\documents\visual studio 2013\projects\markanoid\markanoid2\markanoid\BallContainer.h(89): warning C4018: '<' : signed/unsigned mismatch
     1>c:\users\tim\documents\visual studio 2013\projects\markanoid\markanoid2\markanoid\PowerupHandler.h(48): warning C4018: '<' : signed/unsigned mismatch
     1>c:\users\tim\documents\visual studio 2013\projects\markanoid\markanoid2\markanoid\PowerupHandler.h(127): warning C4018: '<' : signed/unsigned mismatch
     1>c:\users\tim\documents\visual studio 2013\projects\markanoid\markanoid2\markanoid\PowerupHandler.h(135): warning C4018: '<' : signed/unsigned mismatch
     1>c:\users\tim\documents\visual studio 2013\projects\markanoid\markanoid2\markanoid\PowerupHandler.h(198): warning C4018: '<' : signed/unsigned mismatch
     1>c:\users\tim\documents\visual studio 2013\projects\markanoid\markanoid2\markanoid\PowerupHandler.h(219): warning C4018: '<' : signed/unsigned mismatch
     1>c:\users\tim\documents\visual studio 2013\projects\markanoid\markanoid2\markanoid\PowerupHandler.h(221): warning C4018: '<' : signed/unsigned mismatch
     1>c:\users\tim\documents\visual studio 2013\projects\markanoid\markanoid2\markanoid\PowerupHandler.h(235): warning C4018: '<' : signed/unsigned mismatch
     1>c:\users\tim\documents\visual studio 2013\projects\markanoid\markanoid2\markanoid\BlockArrayHandler.h(30): warning C4244: 'argument' : conversion from 'int' to 'float', possible loss of data
     1>c:\users\tim\documents\visual studio 2013\projects\markanoid\markanoid2\markanoid\BlockArrayHandler.h(42): warning C4244: 'argument' : conversion from 'int' to 'float', possible loss of data
     1>c:\users\tim\documents\visual studio 2013\projects\markanoid\markanoid2\markanoid\Engine.h(48): warning C4244: 'argument' : conversion from 'time_t' to 'unsigned int', possible loss of data
     1>c:\users\tim\documents\visual studio 2013\projects\markanoid\markanoid2\markanoid\Engine.h(71): warning C4390: ';' : empty controlled statement found; is this the intent?
         MainMenu.cpp
     1>c:\users\tim\documents\visual studio 2013\projects\markanoid\markanoid2\markanoid\ResMan.h(49): warning C4018: '<' : signed/unsigned mismatch
     1>c:\users\tim\documents\visual studio 2013\projects\markanoid\markanoid2\markanoid\FileIO.h(91): warning C4018: '<' : signed/unsigned mismatch
     1>c:\users\tim\documents\visual studio 2013\projects\markanoid\markanoid2\markanoid\Settings.h(40): warning C4018: '<' : signed/unsigned mismatch
     1>c:\users\tim\documents\visual studio 2013\projects\markanoid\markanoid2\markanoid\Settings.h(51): warning C4018: '<' : signed/unsigned mismatch
     1>c:\users\tim\documents\visual studio 2013\projects\markanoid\markanoid2\markanoid\Settings.h(87): warning C4244: '=' : conversion from 'double' to 'float', possible loss of data
     1>c:\users\tim\documents\visual studio 2013\projects\markanoid\markanoid2\markanoid\Settings.h(95): warning C4244: '=' : conversion from 'double' to 'float', possible loss of data
     1>c:\users\tim\documents\visual studio 2013\projects\markanoid\markanoid2\markanoid\Settings.h(103): warning C4244: '=' : conversion from 'double' to 'float', possible loss of data
     1>c:\users\tim\documents\visual studio 2013\projects\markanoid\markanoid2\markanoid\CollidableObject.h(10): warning C4244: 'return' : conversion from 'int' to 'float', possible loss of data
     1>c:\users\tim\documents\visual studio 2013\projects\markanoid\markanoid2\markanoid\Ball.h(55): warning C4305: 'initializing' : truncation from 'double' to 'float'
     1>c:\users\tim\documents\visual studio 2013\projects\markanoid\markanoid2\markanoid\Paddle.h(39): warning C4244: 'argument' : conversion from 'int' to 'float', possible loss of data
     1>c:\users\tim\documents\visual studio 2013\projects\markanoid\markanoid2\markanoid\Paddle.h(78): warning C4244: 'argument' : conversion from 'double' to 'float', possible loss of data
     1>c:\users\tim\documents\visual studio 2013\projects\markanoid\markanoid2\markanoid\PowerupContainer.h(95): warning C4244: 'initializing' : conversion from 'double' to 'float', possible loss of data
     1>c:\users\tim\documents\visual studio 2013\projects\markanoid\markanoid2\markanoid\BallContainer.h(29): warning C4244: 'argument' : conversion from 'int' to 'float', possible loss of data
     1>c:\users\tim\documents\visual studio 2013\projects\markanoid\markanoid2\markanoid\BallContainer.h(49): warning C4244: 'argument' : conversion from 'int' to 'float', possible loss of data
     1>c:\users\tim\documents\visual studio 2013\projects\markanoid\markanoid2\markanoid\BallContainer.h(59): warning C4244: 'argument' : conversion from 'int' to 'float', possible loss of data
     1>c:\users\tim\documents\visual studio 2013\projects\markanoid\markanoid2\markanoid\BallContainer.h(64): warning C4244: 'argument' : conversion from 'int' to 'float', possible loss of data
     1>c:\users\tim\documents\visual studio 2013\projects\markanoid\markanoid2\markanoid\BallContainer.h(78): warning C4244: '+=' : conversion from 'double' to 'float', possible loss of data
     1>c:\users\tim\documents\visual studio 2013\projects\markanoid\markanoid2\markanoid\BallContainer.h(85): warning C4018: '<' : signed/unsigned mismatch
     1>c:\users\tim\documents\visual studio 2013\projects\markanoid\markanoid2\markanoid\BallContainer.h(89): warning C4018: '<' : signed/unsigned mismatch
     1>c:\users\tim\documents\visual studio 2013\projects\markanoid\markanoid2\markanoid\PowerupHandler.h(48): warning C4018: '<' : signed/unsigned mismatch
     1>c:\users\tim\documents\visual studio 2013\projects\markanoid\markanoid2\markanoid\PowerupHandler.h(127): warning C4018: '<' : signed/unsigned mismatch
     1>c:\users\tim\documents\visual studio 2013\projects\markanoid\markanoid2\markanoid\PowerupHandler.h(135): warning C4018: '<' : signed/unsigned mismatch
     1>c:\users\tim\documents\visual studio 2013\projects\markanoid\markanoid2\markanoid\PowerupHandler.h(198): warning C4018: '<' : signed/unsigned mismatch
     1>c:\users\tim\documents\visual studio 2013\projects\markanoid\markanoid2\markanoid\PowerupHandler.h(219): warning C4018: '<' : signed/unsigned mismatch
     1>c:\users\tim\documents\visual studio 2013\projects\markanoid\markanoid2\markanoid\PowerupHandler.h(221): warning C4018: '<' : signed/unsigned mismatch
     1>c:\users\tim\documents\visual studio 2013\projects\markanoid\markanoid2\markanoid\PowerupHandler.h(235): warning C4018: '<' : signed/unsigned mismatch
     1>c:\users\tim\documents\visual studio 2013\projects\markanoid\markanoid2\markanoid\BlockArrayHandler.h(30): warning C4244: 'argument' : conversion from 'int' to 'float', possible loss of data
     1>c:\users\tim\documents\visual studio 2013\projects\markanoid\markanoid2\markanoid\BlockArrayHandler.h(42): warning C4244: 'argument' : conversion from 'int' to 'float', possible loss of data
     1>MainMenu.cpp(44): warning C4018: '<' : signed/unsigned mismatch
         MenuHandler.cpp
     1>c:\users\tim\documents\visual studio 2013\projects\markanoid\markanoid2\markanoid\ResMan.h(49): warning C4018: '<' : signed/unsigned mismatch
     1>c:\users\tim\documents\visual studio 2013\projects\markanoid\markanoid2\markanoid\FileIO.h(91): warning C4018: '<' : signed/unsigned mismatch
     1>c:\users\tim\documents\visual studio 2013\projects\markanoid\markanoid2\markanoid\Settings.h(40): warning C4018: '<' : signed/unsigned mismatch
     1>c:\users\tim\documents\visual studio 2013\projects\markanoid\markanoid2\markanoid\Settings.h(51): warning C4018: '<' : signed/unsigned mismatch
     1>c:\users\tim\documents\visual studio 2013\projects\markanoid\markanoid2\markanoid\Settings.h(87): warning C4244: '=' : conversion from 'double' to 'float', possible loss of data
     1>c:\users\tim\documents\visual studio 2013\projects\markanoid\markanoid2\markanoid\Settings.h(95): warning C4244: '=' : conversion from 'double' to 'float', possible loss of data
     1>c:\users\tim\documents\visual studio 2013\projects\markanoid\markanoid2\markanoid\Settings.h(103): warning C4244: '=' : conversion from 'double' to 'float', possible loss of data
     1>c:\users\tim\documents\visual studio 2013\projects\markanoid\markanoid2\markanoid\CollidableObject.h(10): warning C4244: 'return' : conversion from 'int' to 'float', possible loss of data
     1>c:\users\tim\documents\visual studio 2013\projects\markanoid\markanoid2\markanoid\Ball.h(55): warning C4305: 'initializing' : truncation from 'double' to 'float'
     1>c:\users\tim\documents\visual studio 2013\projects\markanoid\markanoid2\markanoid\Paddle.h(39): warning C4244: 'argument' : conversion from 'int' to 'float', possible loss of data
     1>c:\users\tim\documents\visual studio 2013\projects\markanoid\markanoid2\markanoid\Paddle.h(78): warning C4244: 'argument' : conversion from 'double' to 'float', possible loss of data
     1>c:\users\tim\documents\visual studio 2013\projects\markanoid\markanoid2\markanoid\PowerupContainer.h(95): warning C4244: 'initializing' : conversion from 'double' to 'float', possible loss of data
     1>c:\users\tim\documents\visual studio 2013\projects\markanoid\markanoid2\markanoid\BallContainer.h(29): warning C4244: 'argument' : conversion from 'int' to 'float', possible loss of data
     1>c:\users\tim\documents\visual studio 2013\projects\markanoid\markanoid2\markanoid\BallContainer.h(49): warning C4244: 'argument' : conversion from 'int' to 'float', possible loss of data
     1>c:\users\tim\documents\visual studio 2013\projects\markanoid\markanoid2\markanoid\BallContainer.h(59): warning C4244: 'argument' : conversion from 'int' to 'float', possible loss of data
     1>c:\users\tim\documents\visual studio 2013\projects\markanoid\markanoid2\markanoid\BallContainer.h(64): warning C4244: 'argument' : conversion from 'int' to 'float', possible loss of data
     1>c:\users\tim\documents\visual studio 2013\projects\markanoid\markanoid2\markanoid\BallContainer.h(78): warning C4244: '+=' : conversion from 'double' to 'float', possible loss of data
     1>c:\users\tim\documents\visual studio 2013\projects\markanoid\markanoid2\markanoid\BallContainer.h(85): warning C4018: '<' : signed/unsigned mismatch
     1>c:\users\tim\documents\visual studio 2013\projects\markanoid\markanoid2\markanoid\BallContainer.h(89): warning C4018: '<' : signed/unsigned mismatch
     1>c:\users\tim\documents\visual studio 2013\projects\markanoid\markanoid2\markanoid\PowerupHandler.h(48): warning C4018: '<' : signed/unsigned mismatch
     1>c:\users\tim\documents\visual studio 2013\projects\markanoid\markanoid2\markanoid\PowerupHandler.h(127): warning C4018: '<' : signed/unsigned mismatch
     1>c:\users\tim\documents\visual studio 2013\projects\markanoid\markanoid2\markanoid\PowerupHandler.h(135): warning C4018: '<' : signed/unsigned mismatch
     1>c:\users\tim\documents\visual studio 2013\projects\markanoid\markanoid2\markanoid\PowerupHandler.h(198): warning C4018: '<' : signed/unsigned mismatch
     1>c:\users\tim\documents\visual studio 2013\projects\markanoid\markanoid2\markanoid\PowerupHandler.h(219): warning C4018: '<' : signed/unsigned mismatch
     1>c:\users\tim\documents\visual studio 2013\projects\markanoid\markanoid2\markanoid\PowerupHandler.h(221): warning C4018: '<' : signed/unsigned mismatch
     1>c:\users\tim\documents\visual studio 2013\projects\markanoid\markanoid2\markanoid\PowerupHandler.h(235): warning C4018: '<' : signed/unsigned mismatch
     1>c:\users\tim\documents\visual studio 2013\projects\markanoid\markanoid2\markanoid\BlockArrayHandler.h(30): warning C4244: 'argument' : conversion from 'int' to 'float', possible loss of data
     1>c:\users\tim\documents\visual studio 2013\projects\markanoid\markanoid2\markanoid\BlockArrayHandler.h(42): warning C4244: 'argument' : conversion from 'int' to 'float', possible loss of data
         Paddle.cpp
     1>c:\users\tim\documents\visual studio 2013\projects\markanoid\markanoid2\markanoid\Paddle.h(39): warning C4244: 'argument' : conversion from 'int' to 'float', possible loss of data
     1>c:\users\tim\documents\visual studio 2013\projects\markanoid\markanoid2\markanoid\Paddle.h(78): warning C4244: 'argument' : conversion from 'double' to 'float', possible loss of data
         PlayerPaddleHandler.cpp
     1>c:\users\tim\documents\visual studio 2013\projects\markanoid\markanoid2\markanoid\Paddle.h(39): warning C4244: 'argument' : conversion from 'int' to 'float', possible loss of data
     1>c:\users\tim\documents\visual studio 2013\projects\markanoid\markanoid2\markanoid\Paddle.h(78): warning C4244: 'argument' : conversion from 'double' to 'float', possible loss of data
         PowerupContainer.cpp
     1>c:\users\tim\documents\visual studio 2013\projects\markanoid\markanoid2\markanoid\ResMan.h(49): warning C4018: '<' : signed/unsigned mismatch
     1>c:\users\tim\documents\visual studio 2013\projects\markanoid\markanoid2\markanoid\FileIO.h(91): warning C4018: '<' : signed/unsigned mismatch
     1>c:\users\tim\documents\visual studio 2013\projects\markanoid\markanoid2\markanoid\CollidableObject.h(10): warning C4244: 'return' : conversion from 'int' to 'float', possible loss of data
     1>c:\users\tim\documents\visual studio 2013\projects\markanoid\markanoid2\markanoid\Ball.h(55): warning C4305: 'initializing' : truncation from 'double' to 'float'
     1>c:\users\tim\documents\visual studio 2013\projects\markanoid\markanoid2\markanoid\PowerupContainer.h(95): warning C4244: 'initializing' : conversion from 'double' to 'float', possible loss of data
         PowerupHandler.cpp
     1>c:\users\tim\documents\visual studio 2013\projects\markanoid\markanoid2\markanoid\ResMan.h(49): warning C4018: '<' : signed/unsigned mismatch
     1>c:\users\tim\documents\visual studio 2013\projects\markanoid\markanoid2\markanoid\FileIO.h(91): warning C4018: '<' : signed/unsigned mismatch
     1>c:\users\tim\documents\visual studio 2013\projects\markanoid\markanoid2\markanoid\CollidableObject.h(10): warning C4244: 'return' : conversion from 'int' to 'float', possible loss of data
     1>c:\users\tim\documents\visual studio 2013\projects\markanoid\markanoid2\markanoid\Ball.h(55): warning C4305: 'initializing' : truncation from 'double' to 'float'
     1>c:\users\tim\documents\visual studio 2013\projects\markanoid\markanoid2\markanoid\Paddle.h(39): warning C4244: 'argument' : conversion from 'int' to 'float', possible loss of data
     1>c:\users\tim\documents\visual studio 2013\projects\markanoid\markanoid2\markanoid\Paddle.h(78): warning C4244: 'argument' : conversion from 'double' to 'float', possible loss of data
     1>c:\users\tim\documents\visual studio 2013\projects\markanoid\markanoid2\markanoid\PowerupContainer.h(95): warning C4244: 'initializing' : conversion from 'double' to 'float', possible loss of data
     1>c:\users\tim\documents\visual studio 2013\projects\markanoid\markanoid2\markanoid\BallContainer.h(29): warning C4244: 'argument' : conversion from 'int' to 'float', possible loss of data
     1>c:\users\tim\documents\visual studio 2013\projects\markanoid\markanoid2\markanoid\BallContainer.h(49): warning C4244: 'argument' : conversion from 'int' to 'float', possible loss of data
     1>c:\users\tim\documents\visual studio 2013\projects\markanoid\markanoid2\markanoid\BallContainer.h(59): warning C4244: 'argument' : conversion from 'int' to 'float', possible loss of data
     1>c:\users\tim\documents\visual studio 2013\projects\markanoid\markanoid2\markanoid\BallContainer.h(64): warning C4244: 'argument' : conversion from 'int' to 'float', possible loss of data
     1>c:\users\tim\documents\visual studio 2013\projects\markanoid\markanoid2\markanoid\BallContainer.h(78): warning C4244: '+=' : conversion from 'double' to 'float', possible loss of data
     1>c:\users\tim\documents\visual studio 2013\projects\markanoid\markanoid2\markanoid\BallContainer.h(85): warning C4018: '<' : signed/unsigned mismatch
     1>c:\users\tim\documents\visual studio 2013\projects\markanoid\markanoid2\markanoid\BallContainer.h(89): warning C4018: '<' : signed/unsigned mismatch
     1>c:\users\tim\documents\visual studio 2013\projects\markanoid\markanoid2\markanoid\PowerupHandler.h(48): warning C4018: '<' : signed/unsigned mismatch
     1>c:\users\tim\documents\visual studio 2013\projects\markanoid\markanoid2\markanoid\PowerupHandler.h(127): warning C4018: '<' : signed/unsigned mismatch
     1>c:\users\tim\documents\visual studio 2013\projects\markanoid\markanoid2\markanoid\PowerupHandler.h(135): warning C4018: '<' : signed/unsigned mismatch
     1>c:\users\tim\documents\visual studio 2013\projects\markanoid\markanoid2\markanoid\PowerupHandler.h(198): warning C4018: '<' : signed/unsigned mismatch
     1>c:\users\tim\documents\visual studio 2013\projects\markanoid\markanoid2\markanoid\PowerupHandler.h(219): warning C4018: '<' : signed/unsigned mismatch
     1>c:\users\tim\documents\visual studio 2013\projects\markanoid\markanoid2\markanoid\PowerupHandler.h(221): warning C4018: '<' : signed/unsigned mismatch
     1>c:\users\tim\documents\visual studio 2013\projects\markanoid\markanoid2\markanoid\PowerupHandler.h(235): warning C4018: '<' : signed/unsigned mismatch
         ResMan.cpp
     1>c:\users\tim\documents\visual studio 2013\projects\markanoid\markanoid2\markanoid\ResMan.h(49): warning C4018: '<' : signed/unsigned mismatch
         Score.cpp
     1>c:\users\tim\documents\visual studio 2013\projects\markanoid\markanoid2\markanoid\resman.h(49): warning C4018: '<' : signed/unsigned mismatch
     1>Score.cpp(22): warning C4244: 'argument' : conversion from 'int' to 'float', possible loss of data
     1>Score.cpp(25): warning C4244: 'argument' : conversion from 'int' to 'float', possible loss of data
     1>Score.cpp(29): warning C4244: 'argument' : conversion from 'int' to 'float', possible loss of data
     1>Score.cpp(30): warning C4244: 'argument' : conversion from 'int' to 'float', possible loss of data
     1>Score.cpp(36): warning C4244: 'argument' : conversion from 'int' to 'float', possible loss of data
     1>Score.cpp(48): warning C4244: 'argument' : conversion from 'float' to 'unsigned int', possible loss of data
     1>Score.cpp(75): warning C4018: '<' : signed/unsigned mismatch
     1>Score.cpp(130): warning C4018: '<' : signed/unsigned mismatch
         Compiling...
         Settings.cpp
     1>c:\users\tim\documents\visual studio 2013\projects\markanoid\markanoid2\markanoid\FileIO.h(91): warning C4018: '<' : signed/unsigned mismatch
     1>c:\users\tim\documents\visual studio 2013\projects\markanoid\markanoid2\markanoid\Settings.h(40): warning C4018: '<' : signed/unsigned mismatch
     1>c:\users\tim\documents\visual studio 2013\projects\markanoid\markanoid2\markanoid\Settings.h(51): warning C4018: '<' : signed/unsigned mismatch
     1>c:\users\tim\documents\visual studio 2013\projects\markanoid\markanoid2\markanoid\Settings.h(87): warning C4244: '=' : conversion from 'double' to 'float', possible loss of data
     1>c:\users\tim\documents\visual studio 2013\projects\markanoid\markanoid2\markanoid\Settings.h(95): warning C4244: '=' : conversion from 'double' to 'float', possible loss of data
     1>c:\users\tim\documents\visual studio 2013\projects\markanoid\markanoid2\markanoid\Settings.h(103): warning C4244: '=' : conversion from 'double' to 'float', possible loss of data
         SettingsMenu.cpp
     1>SettingsMenu.cpp(98): warning C4101: 'ret' : unreferenced local variable
         SoundMan.cpp
         Timer.cpp
       Link:
         C:\Program Files (x86)\Microsoft Visual Studio 12.0\VC\bin\link.exe /ERRORREPORT:PROMPT /OUT:"C:\Users\Tim\Documents\Visual Studio 2013\Projects\markanoid\markanoid2\Release\markanoid.exe" /INCREMENTAL:NO /NOLOGO /LIBPATH:C:\Users\Tim\Documents\sfml\lib "sfml-audio.lib" "sfml-graphics.lib" "sfml-network.lib" "sfml-window.lib" "sfml-system.lib" sfgui.lib kernel32.lib user32.lib gdi32.lib winspool.lib comdlg32.lib advapi32.lib shell32.lib ole32.lib oleaut32.lib uuid.lib odbc32.lib odbccp32.lib /MANIFEST /MANIFESTUAC:"level='asInvoker' uiAccess='false'" /manifest:embed /DEBUG /PDB:"C:\Users\Tim\Documents\Visual Studio 2013\Projects\markanoid\markanoid2\Release\markanoid.pdb" /SUBSYSTEM:CONSOLE /OPT:REF /OPT:ICF /LTCG /TLBID:1 /DYNAMICBASE /NXCOMPAT /IMPLIB:"C:\Users\Tim\Documents\Visual Studio 2013\Projects\markanoid\markanoid2\Release\markanoid.lib" /MACHINE:X86 /SAFESEH Release\Ball.obj
         Release\BallContainer.obj
         Release\Block.obj
         Release\BlockArrayHandler.obj
         Release\CollidableObject.obj
         Release\ControlsMenu.obj
         Release\Engine.obj
         Release\FileIO.obj
         Release\keyBinds.obj
         Release\Laser.obj
         Release\LastFrameCollisions.obj
         Release\main.obj
         Release\MainMenu.obj
         Release\MenuHandler.obj
         Release\Paddle.obj
         Release\PlayerPaddleHandler.obj
         Release\PowerupContainer.obj
         Release\PowerupHandler.obj
         Release\ResMan.obj
         Release\Score.obj
         Release\Settings.obj
         Release\SettingsMenu.obj
         Release\SoundMan.obj
         Release\Timer.obj
         Generating code
     1>c:\users\tim\documents\visual studio 2013\projects\markanoid\markanoid2\markanoid\menuhandler.cpp(84): warning C4715: 'MenuHandler::runMenu' : not all control paths return a value
         Finished generating code
         markanoid.vcxproj -> C:\Users\Tim\Documents\Visual Studio 2013\Projects\markanoid\markanoid2\Release\markanoid.exe
     1>Done Building Project "C:\Users\Tim\Documents\Visual Studio 2013\Projects\markanoid\markanoid2\markanoid\markanoid.vcxproj" (Rebuild target(s)).

Build succeeded.

Time Elapsed 00:00:35.03
