c:\users\tim\documents\visual studio 2013\projects\markanoid\markanoid\debug\vc120.pdb
c:\users\tim\documents\visual studio 2013\projects\markanoid\markanoid\debug\vc120.idb
c:\users\tim\documents\visual studio 2013\projects\markanoid\markanoid\debug\timer.sbr
c:\users\tim\documents\visual studio 2013\projects\markanoid\markanoid\debug\soundman.sbr
c:\users\tim\documents\visual studio 2013\projects\markanoid\markanoid\debug\settingsmenu.sbr
c:\users\tim\documents\visual studio 2013\projects\markanoid\markanoid\debug\settings.sbr
c:\users\tim\documents\visual studio 2013\projects\markanoid\markanoid\debug\score.sbr
c:\users\tim\documents\visual studio 2013\projects\markanoid\markanoid\debug\resman.sbr
c:\users\tim\documents\visual studio 2013\projects\markanoid\markanoid\debug\poweruphandler.sbr
c:\users\tim\documents\visual studio 2013\projects\markanoid\markanoid\debug\powerupcontainer.sbr
c:\users\tim\documents\visual studio 2013\projects\markanoid\markanoid\debug\playerpaddlehandler.sbr
c:\users\tim\documents\visual studio 2013\projects\markanoid\markanoid\debug\paddle.sbr
c:\users\tim\documents\visual studio 2013\projects\markanoid\markanoid\debug\menuhandler.sbr
c:\users\tim\documents\visual studio 2013\projects\markanoid\markanoid\debug\main.sbr
c:\users\tim\documents\visual studio 2013\projects\markanoid\markanoid\debug\lastframecollisions.sbr
c:\users\tim\documents\visual studio 2013\projects\markanoid\markanoid\debug\keybinds.sbr
c:\users\tim\documents\visual studio 2013\projects\markanoid\markanoid\debug\fileio.sbr
c:\users\tim\documents\visual studio 2013\projects\markanoid\markanoid\debug\engine.sbr
c:\users\tim\documents\visual studio 2013\projects\markanoid\markanoid\debug\controlsmenu.sbr
c:\users\tim\documents\visual studio 2013\projects\markanoid\markanoid\debug\collidableobject.sbr
c:\users\tim\documents\visual studio 2013\projects\markanoid\markanoid\debug\blockarrayhandler.sbr
c:\users\tim\documents\visual studio 2013\projects\markanoid\markanoid\debug\collidableobject.obj
c:\users\tim\documents\visual studio 2013\projects\markanoid\markanoid\debug\controlsmenu.obj
c:\users\tim\documents\visual studio 2013\projects\markanoid\markanoid\debug\fileio.obj
c:\users\tim\documents\visual studio 2013\projects\markanoid\markanoid\debug\keybinds.obj
c:\users\tim\documents\visual studio 2013\projects\markanoid\markanoid\debug\lastframecollisions.obj
c:\users\tim\documents\visual studio 2013\projects\markanoid\markanoid\debug\paddle.obj
c:\users\tim\documents\visual studio 2013\projects\markanoid\markanoid\debug\playerpaddlehandler.obj
c:\users\tim\documents\visual studio 2013\projects\markanoid\markanoid\debug\powerupcontainer.obj
c:\users\tim\documents\visual studio 2013\projects\markanoid\markanoid\debug\resman.obj
c:\users\tim\documents\visual studio 2013\projects\markanoid\markanoid\debug\score.obj
c:\users\tim\documents\visual studio 2013\projects\markanoid\markanoid\debug\settings.obj
c:\users\tim\documents\visual studio 2013\projects\markanoid\markanoid\debug\settingsmenu.obj
c:\users\tim\documents\visual studio 2013\projects\markanoid\markanoid\debug\soundman.obj
c:\users\tim\documents\visual studio 2013\projects\markanoid\markanoid\debug\timer.obj
c:\users\tim\documents\visual studio 2013\projects\markanoid\markanoid\debug\block.sbr
c:\users\tim\documents\visual studio 2013\projects\markanoid\markanoid\debug\ballcontainer.sbr
c:\users\tim\documents\visual studio 2013\projects\markanoid\markanoid\debug\ball.sbr
c:\users\tim\documents\visual studio 2013\projects\markanoid\markanoid\debug\ball.obj
c:\users\tim\documents\visual studio 2013\projects\markanoid\markanoid\debug\block.obj
c:\users\tim\documents\visual studio 2013\projects\markanoid\markanoid\debug\mainmenu.sbr
c:\users\tim\documents\visual studio 2013\projects\markanoid\markanoid\debug\markanoid.tlog\cl.command.1.tlog
c:\users\tim\documents\visual studio 2013\projects\markanoid\markanoid\debug\markanoid.tlog\cl.read.1.tlog
c:\users\tim\documents\visual studio 2013\projects\markanoid\markanoid\debug\markanoid.tlog\cl.write.1.tlog
